<?xml version="1.0" encoding="UTF-8"?>
<testsuite xmlns:xsi="http://www.w3.org/2001/XMLSchema-instance" xsi:noNamespaceSchemaLocation="https://maven.apache.org/surefire/maven-surefire-plugin/xsd/surefire-test-report.xsd" name="com.cethik.AppTest" time="0.02" tests="1" errors="0" skipped="0" failures="0">
  <properties>
    <property name="sun.desktop" value="windows"/>
    <property name="awt.toolkit" value="sun.awt.windows.WToolkit"/>
    <property name="file.encoding.pkg" value="sun.io"/>
    <property name="java.specification.version" value="1.8"/>
    <property name="sun.cpu.isalist" value="amd64"/>
    <property name="sun.jnu.encoding" value="GBK"/>
    <property name="java.class.path" value="E:\scala_project\pirmp\irmp-util\target\test-classes;E:\scala_project\pirmp\irmp-util\target\classes;C:\Users\Administrator\.m2\repository\junit\junit\4.11\junit-4.11.jar;C:\Users\Administrator\.m2\repository\org\hamcrest\hamcrest-core\1.3\hamcrest-core-1.3.jar;C:\Users\Administrator\.m2\repository\org\apache\commons\commons-lang3\3.3.2\commons-lang3-3.3.2.jar;"/>
    <property name="java.vm.vendor" value="Oracle Corporation"/>
    <property name="sun.arch.data.model" value="64"/>
    <property name="user.variant" value=""/>
    <property name="java.vendor.url" value="http://java.oracle.com/"/>
    <property name="user.timezone" value=""/>
    <property name="java.vm.specification.version" value="1.8"/>
    <property name="os.name" value="Windows 7"/>
    <property name="user.country" value="CN"/>
    <property name="sun.java.launcher" value="SUN_STANDARD"/>
    <property name="sun.boot.library.path" value="D:\jdk1.8.0_91\jre\bin"/>
    <property name="sun.java.command" value="C:\Users\ADMINI~1\AppData\Local\Temp\surefire1071672426061546025\surefirebooter5488398957360884741.jar C:\Users\Administrator\AppData\Local\Temp\surefire1071672426061546025 2019-05-06T11-08-19_740-jvmRun1 surefire5759574751486793513tmp surefire_08627671808078029518tmp"/>
    <property name="surefire.test.class.path" value="E:\scala_project\pirmp\irmp-util\target\test-classes;E:\scala_project\pirmp\irmp-util\target\classes;C:\Users\Administrator\.m2\repository\junit\junit\4.11\junit-4.11.jar;C:\Users\Administrator\.m2\repository\org\hamcrest\hamcrest-core\1.3\hamcrest-core-1.3.jar;C:\Users\Administrator\.m2\repository\org\apache\commons\commons-lang3\3.3.2\commons-lang3-3.3.2.jar;"/>
    <property name="sun.cpu.endian" value="little"/>
    <property name="user.home" value="C:\Users\Administrator"/>
    <property name="user.language" value="zh"/>
    <property name="java.specification.vendor" value="Oracle Corporation"/>
    <property name="java.home" value="D:\jdk1.8.0_91\jre"/>
    <property name="basedir" value="E:\scala_project\pirmp\irmp-util"/>
    <property name="file.separator" value="\"/>
    <property name="line.separator" value="&#10;"/>
    <property name="java.vm.specification.vendor" value="Oracle Corporation"/>
    <property name="java.specification.name" value="Java Platform API Specification"/>
    <property name="java.awt.graphicsenv" value="sun.awt.Win32GraphicsEnvironment"/>
    <property name="surefire.real.class.path" value="C:\Users\ADMINI~1\AppData\Local\Temp\surefire1071672426061546025\surefirebooter5488398957360884741.jar"/>
    <property name="sun.boot.class.path" value="D:\jdk1.8.0_91\jre\lib\resources.jar;D:\jdk1.8.0_91\jre\lib\rt.jar;D:\jdk1.8.0_91\jre\lib\sunrsasign.jar;D:\jdk1.8.0_91\jre\lib\jsse.jar;D:\jdk1.8.0_91\jre\lib\jce.jar;D:\jdk1.8.0_91\jre\lib\charsets.jar;D:\jdk1.8.0_91\jre\lib\jfr.jar;D:\jdk1.8.0_91\jre\classes"/>
    <property name="user.script" value=""/>
    <property name="sun.management.compiler" value="HotSpot 64-Bit Tiered Compilers"/>
    <property name="java.runtime.version" value="1.8.0_91-b15"/>
    <property name="user.name" value="Administrator"/>
    <property name="path.separator" value=";"/>
    <property name="os.version" value="6.1"/>
    <property name="java.endorsed.dirs" value="D:\jdk1.8.0_91\jre\lib\endorsed"/>
    <property name="java.runtime.name" value="Java(TM) SE Runtime Environment"/>
    <property name="file.encoding" value="GBK"/>
    <property name="java.vm.name" value="Java HotSpot(TM) 64-Bit Server VM"/>
    <property name="localRepository" value="C:\Users\Administrator\.m2\repository"/>
    <property name="java.vendor.url.bug" value="http://bugreport.sun.com/bugreport/"/>
    <property name="java.io.tmpdir" value="C:\Users\ADMINI~1\AppData\Local\Temp\"/>
    <property name="idea.version" value="2018.2.5"/>
    <property name="java.version" value="1.8.0_91"/>
    <property name="user.dir" value="E:\scala_project\pirmp\irmp-util"/>
    <property name="os.arch" value="amd64"/>
    <property name="java.vm.specification.name" value="Java Virtual Machine Specification"/>
    <property name="java.awt.printerjob" value="sun.awt.windows.WPrinterJob"/>
    <property name="sun.os.patch.level" value="Service Pack 1"/>
    <property name="java.library.path" value="D:\jdk1.8.0_91\jre\bin;C:\Windows\Sun\Java\bin;C:\Windows\system32;C:\Windows;C:\ProgramData\Oracle\Java\javapath;C:\MinGW\bin;E:\oracle\app\Administrator\product\11.2.0\dbhome_1\bin;F:\app\Administrator\product\11.2.0\client_1\bin;C:\Windows\system32;C:\Windows;C:\Windows\System32\Wbem;C:\Windows\System32\WindowsPowerShell\v1.0\;D:\jdk1.8.0_91\bin;D:\jdk1.8.0_91\jre\bin;D:\TortoiseSVN\bin;D:\apache-maven-3.2.5\bin;D:\安装包目录\android-studio-ide-141.2456560-windows\android-studio\gradle\gradle-2.8\bin;C:\strawberry\c\bin;C:\strawberry\perl\bin;D:\android-sdk_r24.4.1-windows\android-sdk-windows\platform-tools;D:\hadoop-2.6.0\bin;D:\spark-2.1.1-bin-hadoop2.4\bin;D:\scala\bin;D:\Git\cmd;C:\Users\Administrator\AppData\Local\Programs\Fiddler;C:\Users\Administrator\AppData\Local\GitHubDesktop\bin;."/>
    <property name="java.vm.info" value="mixed mode"/>
    <property name="java.vendor" value="Oracle Corporation"/>
    <property name="java.vm.version" value="25.91-b15"/>
    <property name="java.ext.dirs" value="D:\jdk1.8.0_91\jre\lib\ext;C:\Windows\Sun\Java\lib\ext"/>
    <property name="sun.io.unicode.encoding" value="UnicodeLittle"/>
    <property name="java.class.version" value="52.0"/>
  </properties>
  <testcase name="shouldAnswerWithTrue" classname="com.cethik.AppTest" time="0.001"/>
</testsuite>